17:30:57: [INFO] [/Users/jaydenchan/autonomy-bootcamp-2025-p2/modules/telemetry/telemetry_worker.py | telemetry_worker | 47] Logger initialized
17:30:57: [INFO] [/Users/jaydenchan/autonomy-bootcamp-2025-p2/modules/telemetry/telemetry_worker.py | telemetry_worker | 61] Telemetry created, starting main loop
17:30:57: [INFO] [/Users/jaydenchan/autonomy-bootcamp-2025-p2/modules/telemetry/telemetry.py | run | 150] Telemetry received: {
            time_since_boot: 333,
            x: 0.0,
            y: 0.0,
            z: 0.0,
            x_velocity: 1.0,
            y_velocity: 0.0,
            z_velocity: 0.0,
            roll: 0.0,
            pitch: 0.0,
            yaw: 1.0471975803375244,
            roll_speed: 0.0,
            pitch_speed: 0.0,
            yaw_speed: 3.1415927410125732
        }
17:30:57: [INFO] [/Users/jaydenchan/autonomy-bootcamp-2025-p2/modules/telemetry/telemetry.py | run | 150] Telemetry received: {
            time_since_boot: 666,
            x: 0.5,
            y: 0.0,
            z: 0.0,
            x_velocity: 1.0,
            y_velocity: 0.0,
            z_velocity: 0.0,
            roll: 0.0,
            pitch: 0.0,
            yaw: 2.094395160675049,
            roll_speed: 0.0,
            pitch_speed: 0.0,
            yaw_speed: 3.1415927410125732
        }
17:30:58: [INFO] [/Users/jaydenchan/autonomy-bootcamp-2025-p2/modules/telemetry/telemetry.py | run | 150] Telemetry received: {
            time_since_boot: 1333,
            x: 1.0,
            y: 0.0,
            z: 0.0,
            x_velocity: 1.0,
            y_velocity: 0.0,
            z_velocity: 0.0,
            roll: 0.0,
            pitch: 0.0,
            yaw: -2.094395160675049,
            roll_speed: 0.0,
            pitch_speed: 0.0,
            yaw_speed: 3.1415927410125732
        }
17:30:58: [INFO] [/Users/jaydenchan/autonomy-bootcamp-2025-p2/modules/telemetry/telemetry.py | run | 150] Telemetry received: {
            time_since_boot: 1666,
            x: 1.5,
            y: 0.0,
            z: 0.0,
            x_velocity: 1.0,
            y_velocity: 0.0,
            z_velocity: 0.0,
            roll: 0.0,
            pitch: 0.0,
            yaw: -1.0471975803375244,
            roll_speed: 0.0,
            pitch_speed: 0.0,
            yaw_speed: 3.1415927410125732
        }
17:30:59: [INFO] [/Users/jaydenchan/autonomy-bootcamp-2025-p2/modules/telemetry/telemetry.py | run | 150] Telemetry received: {
            time_since_boot: 2333,
            x: 2.0,
            y: 0.0,
            z: 0.0,
            x_velocity: 1.0,
            y_velocity: 0.0,
            z_velocity: 0.0,
            roll: 0.0,
            pitch: 0.0,
            yaw: 1.0471975803375244,
            roll_speed: 0.0,
            pitch_speed: 0.0,
            yaw_speed: 3.1415927410125732
        }
17:30:59: [INFO] [/Users/jaydenchan/autonomy-bootcamp-2025-p2/modules/telemetry/telemetry.py | run | 150] Telemetry received: {
            time_since_boot: 2666,
            x: 2.5,
            y: 0.0,
            z: 0.0,
            x_velocity: 1.0,
            y_velocity: 0.0,
            z_velocity: 0.0,
            roll: 0.0,
            pitch: 0.0,
            yaw: 2.094395160675049,
            roll_speed: 0.0,
            pitch_speed: 0.0,
            yaw_speed: 3.1415927410125732
        }
17:31:00: [INFO] [/Users/jaydenchan/autonomy-bootcamp-2025-p2/modules/telemetry/telemetry.py | run | 150] Telemetry received: {
            time_since_boot: 3333,
            x: 3.0,
            y: 0.0,
            z: 0.0,
            x_velocity: 1.0,
            y_velocity: 0.0,
            z_velocity: 0.0,
            roll: 0.0,
            pitch: 0.0,
            yaw: -2.094395160675049,
            roll_speed: 0.0,
            pitch_speed: 0.0,
            yaw_speed: 3.1415927410125732
        }
17:31:00: [INFO] [/Users/jaydenchan/autonomy-bootcamp-2025-p2/modules/telemetry/telemetry.py | run | 150] Telemetry received: {
            time_since_boot: 3666,
            x: 3.5,
            y: 0.0,
            z: 0.0,
            x_velocity: 1.0,
            y_velocity: 0.0,
            z_velocity: 0.0,
            roll: 0.0,
            pitch: 0.0,
            yaw: -1.0471975803375244,
            roll_speed: 0.0,
            pitch_speed: 0.0,
            yaw_speed: 3.1415927410125732
        }
17:31:01: [INFO] [/Users/jaydenchan/autonomy-bootcamp-2025-p2/modules/telemetry/telemetry.py | run | 150] Telemetry received: {
            time_since_boot: 4333,
            x: 4.0,
            y: 0.0,
            z: 0.0,
            x_velocity: 1.0,
            y_velocity: 0.0,
            z_velocity: 0.0,
            roll: 0.0,
            pitch: 0.0,
            yaw: 1.0471975803375244,
            roll_speed: 0.0,
            pitch_speed: 0.0,
            yaw_speed: 3.1415927410125732
        }
17:31:01: [INFO] [/Users/jaydenchan/autonomy-bootcamp-2025-p2/modules/telemetry/telemetry.py | run | 150] Telemetry received: {
            time_since_boot: 4666,
            x: 4.5,
            y: 0.0,
            z: 0.0,
            x_velocity: 1.0,
            y_velocity: 0.0,
            z_velocity: 0.0,
            roll: 0.0,
            pitch: 0.0,
            yaw: 2.094395160675049,
            roll_speed: 0.0,
            pitch_speed: 0.0,
            yaw_speed: 3.1415927410125732
        }
17:31:02: [WARNING] [/Users/jaydenchan/autonomy-bootcamp-2025-p2/modules/telemetry/telemetry.py | run | 118] Timed out waiting for LOCAL_POSITION_NED, restarting
17:31:02: [WARNING] [/Users/jaydenchan/autonomy-bootcamp-2025-p2/modules/telemetry/telemetry_worker.py | telemetry_worker | 70] Telemetry run() timed out, restarting
17:31:04: [WARNING] [/Users/jaydenchan/autonomy-bootcamp-2025-p2/modules/telemetry/telemetry.py | run | 118] Timed out waiting for LOCAL_POSITION_NED, restarting
17:31:04: [WARNING] [/Users/jaydenchan/autonomy-bootcamp-2025-p2/modules/telemetry/telemetry_worker.py | telemetry_worker | 70] Telemetry run() timed out, restarting
17:31:05: [WARNING] [/Users/jaydenchan/autonomy-bootcamp-2025-p2/modules/telemetry/telemetry.py | run | 126] Timed out waiting for ATTITUDE, restarting
17:31:05: [WARNING] [/Users/jaydenchan/autonomy-bootcamp-2025-p2/modules/telemetry/telemetry_worker.py | telemetry_worker | 70] Telemetry run() timed out, restarting
17:31:05: [INFO] [/Users/jaydenchan/autonomy-bootcamp-2025-p2/modules/telemetry/telemetry.py | run | 150] Telemetry received: {
            time_since_boot: 500,
            x: 0.0,
            y: 0.0,
            z: 0.0,
            x_velocity: 1.0,
            y_velocity: 0.0,
            z_velocity: 0.0,
            roll: 0.0,
            pitch: 0.0,
            yaw: 1.5707963705062866,
            roll_speed: 0.0,
            pitch_speed: 0.0,
            yaw_speed: 3.1415927410125732
        }
17:31:06: [INFO] [/Users/jaydenchan/autonomy-bootcamp-2025-p2/modules/telemetry/telemetry.py | run | 150] Telemetry received: {
            time_since_boot: 1000,
            x: 0.6666666865348816,
            y: 0.0,
            z: 0.0,
            x_velocity: 1.0,
            y_velocity: 0.0,
            z_velocity: 0.0,
            roll: 0.0,
            pitch: 0.0,
            yaw: 3.1415927410125732,
            roll_speed: 0.0,
            pitch_speed: 0.0,
            yaw_speed: 3.1415927410125732
        }
17:31:06: [INFO] [/Users/jaydenchan/autonomy-bootcamp-2025-p2/modules/telemetry/telemetry.py | run | 150] Telemetry received: {
            time_since_boot: 1500,
            x: 1.0,
            y: 0.0,
            z: 0.0,
            x_velocity: 1.0,
            y_velocity: 0.0,
            z_velocity: 0.0,
            roll: 0.0,
            pitch: 0.0,
            yaw: -1.5707963705062866,
            roll_speed: 0.0,
            pitch_speed: 0.0,
            yaw_speed: 3.1415927410125732
        }
17:31:07: [INFO] [/Users/jaydenchan/autonomy-bootcamp-2025-p2/modules/telemetry/telemetry.py | run | 150] Telemetry received: {
            time_since_boot: 2000,
            x: 1.6666666269302368,
            y: 0.0,
            z: 0.0,
            x_velocity: 1.0,
            y_velocity: 0.0,
            z_velocity: 0.0,
            roll: 0.0,
            pitch: 0.0,
            yaw: 0.0,
            roll_speed: 0.0,
            pitch_speed: 0.0,
            yaw_speed: 3.1415927410125732
        }
17:31:07: [INFO] [/Users/jaydenchan/autonomy-bootcamp-2025-p2/modules/telemetry/telemetry.py | run | 150] Telemetry received: {
            time_since_boot: 2500,
            x: 2.0,
            y: 0.0,
            z: 0.0,
            x_velocity: 1.0,
            y_velocity: 0.0,
            z_velocity: 0.0,
            roll: 0.0,
            pitch: 0.0,
            yaw: 1.5707963705062866,
            roll_speed: 0.0,
            pitch_speed: 0.0,
            yaw_speed: 3.1415927410125732
        }
17:31:08: [INFO] [/Users/jaydenchan/autonomy-bootcamp-2025-p2/modules/telemetry/telemetry.py | run | 150] Telemetry received: {
            time_since_boot: 3000,
            x: 2.6666667461395264,
            y: 0.0,
            z: 0.0,
            x_velocity: 1.0,
            y_velocity: 0.0,
            z_velocity: 0.0,
            roll: 0.0,
            pitch: 0.0,
            yaw: 3.1415927410125732,
            roll_speed: 0.0,
            pitch_speed: 0.0,
            yaw_speed: 3.1415927410125732
        }
17:31:08: [INFO] [/Users/jaydenchan/autonomy-bootcamp-2025-p2/modules/telemetry/telemetry.py | run | 150] Telemetry received: {
            time_since_boot: 3500,
            x: 3.0,
            y: 0.0,
            z: 0.0,
            x_velocity: 1.0,
            y_velocity: 0.0,
            z_velocity: 0.0,
            roll: 0.0,
            pitch: 0.0,
            yaw: -1.5707963705062866,
            roll_speed: 0.0,
            pitch_speed: 0.0,
            yaw_speed: 3.1415927410125732
        }
17:31:09: [INFO] [/Users/jaydenchan/autonomy-bootcamp-2025-p2/modules/telemetry/telemetry.py | run | 150] Telemetry received: {
            time_since_boot: 4000,
            x: 3.6666667461395264,
            y: 0.0,
            z: 0.0,
            x_velocity: 1.0,
            y_velocity: 0.0,
            z_velocity: 0.0,
            roll: 0.0,
            pitch: 0.0,
            yaw: 0.0,
            roll_speed: 0.0,
            pitch_speed: 0.0,
            yaw_speed: 3.1415927410125732
        }
17:31:09: [INFO] [/Users/jaydenchan/autonomy-bootcamp-2025-p2/modules/telemetry/telemetry.py | run | 150] Telemetry received: {
            time_since_boot: 4500,
            x: 4.0,
            y: 0.0,
            z: 0.0,
            x_velocity: 1.0,
            y_velocity: 0.0,
            z_velocity: 0.0,
            roll: 0.0,
            pitch: 0.0,
            yaw: 1.5707963705062866,
            roll_speed: 0.0,
            pitch_speed: 0.0,
            yaw_speed: 3.1415927410125732
        }
17:31:10: [WARNING] [/Users/jaydenchan/autonomy-bootcamp-2025-p2/modules/telemetry/telemetry.py | run | 126] Timed out waiting for ATTITUDE, restarting
17:31:10: [WARNING] [/Users/jaydenchan/autonomy-bootcamp-2025-p2/modules/telemetry/telemetry_worker.py | telemetry_worker | 70] Telemetry run() timed out, restarting
