12:33:13: [INFO] [/Users/jaydenchan/autonomy-bootcamp-2025-p2/modules/telemetry/telemetry_worker.py | telemetry_worker | 47] Logger initialized
12:33:13: [INFO] [/Users/jaydenchan/autonomy-bootcamp-2025-p2/modules/telemetry/telemetry_worker.py | telemetry_worker | 61] Telemetry created, starting main loop
12:33:13: [INFO] [/Users/jaydenchan/autonomy-bootcamp-2025-p2/modules/telemetry/telemetry.py | run | 146] Telemetry received: {
            time_since_boot: 0,
            x: 0.0,
            y: 0.0,
            z: 0.0,
            x_velocity: 1.0,
            y_velocity: 0.0,
            z_velocity: 0.0,
            roll: 0.0,
            pitch: 0.0,
            yaw: 1.0471975803375244,
            roll_speed: 0.0,
            pitch_speed: 0.0,
            yaw_speed: 3.1415927410125732
        }
12:33:13: [INFO] [/Users/jaydenchan/autonomy-bootcamp-2025-p2/modules/telemetry/telemetry.py | run | 146] Telemetry received: {
            time_since_boot: 500,
            x: 0.5,
            y: 0.0,
            z: 0.0,
            x_velocity: 1.0,
            y_velocity: 0.0,
            z_velocity: 0.0,
            roll: 0.0,
            pitch: 0.0,
            yaw: 2.094395160675049,
            roll_speed: 0.0,
            pitch_speed: 0.0,
            yaw_speed: 3.1415927410125732
        }
12:33:14: [INFO] [/Users/jaydenchan/autonomy-bootcamp-2025-p2/modules/telemetry/telemetry.py | run | 146] Telemetry received: {
            time_since_boot: 1000,
            x: 1.0,
            y: 0.0,
            z: 0.0,
            x_velocity: 1.0,
            y_velocity: 0.0,
            z_velocity: 0.0,
            roll: 0.0,
            pitch: 0.0,
            yaw: -2.094395160675049,
            roll_speed: 0.0,
            pitch_speed: 0.0,
            yaw_speed: 3.1415927410125732
        }
12:33:14: [INFO] [/Users/jaydenchan/autonomy-bootcamp-2025-p2/modules/telemetry/telemetry.py | run | 146] Telemetry received: {
            time_since_boot: 1500,
            x: 1.5,
            y: 0.0,
            z: 0.0,
            x_velocity: 1.0,
            y_velocity: 0.0,
            z_velocity: 0.0,
            roll: 0.0,
            pitch: 0.0,
            yaw: -1.0471975803375244,
            roll_speed: 0.0,
            pitch_speed: 0.0,
            yaw_speed: 3.1415927410125732
        }
12:33:15: [INFO] [/Users/jaydenchan/autonomy-bootcamp-2025-p2/modules/telemetry/telemetry.py | run | 146] Telemetry received: {
            time_since_boot: 2000,
            x: 2.0,
            y: 0.0,
            z: 0.0,
            x_velocity: 1.0,
            y_velocity: 0.0,
            z_velocity: 0.0,
            roll: 0.0,
            pitch: 0.0,
            yaw: 1.0471975803375244,
            roll_speed: 0.0,
            pitch_speed: 0.0,
            yaw_speed: 3.1415927410125732
        }
12:33:15: [INFO] [/Users/jaydenchan/autonomy-bootcamp-2025-p2/modules/telemetry/telemetry.py | run | 146] Telemetry received: {
            time_since_boot: 2500,
            x: 2.5,
            y: 0.0,
            z: 0.0,
            x_velocity: 1.0,
            y_velocity: 0.0,
            z_velocity: 0.0,
            roll: 0.0,
            pitch: 0.0,
            yaw: 2.094395160675049,
            roll_speed: 0.0,
            pitch_speed: 0.0,
            yaw_speed: 3.1415927410125732
        }
12:33:16: [INFO] [/Users/jaydenchan/autonomy-bootcamp-2025-p2/modules/telemetry/telemetry.py | run | 146] Telemetry received: {
            time_since_boot: 3000,
            x: 3.0,
            y: 0.0,
            z: 0.0,
            x_velocity: 1.0,
            y_velocity: 0.0,
            z_velocity: 0.0,
            roll: 0.0,
            pitch: 0.0,
            yaw: -2.094395160675049,
            roll_speed: 0.0,
            pitch_speed: 0.0,
            yaw_speed: 3.1415927410125732
        }
12:33:16: [INFO] [/Users/jaydenchan/autonomy-bootcamp-2025-p2/modules/telemetry/telemetry.py | run | 146] Telemetry received: {
            time_since_boot: 3500,
            x: 3.5,
            y: 0.0,
            z: 0.0,
            x_velocity: 1.0,
            y_velocity: 0.0,
            z_velocity: 0.0,
            roll: 0.0,
            pitch: 0.0,
            yaw: -1.0471975803375244,
            roll_speed: 0.0,
            pitch_speed: 0.0,
            yaw_speed: 3.1415927410125732
        }
12:33:17: [INFO] [/Users/jaydenchan/autonomy-bootcamp-2025-p2/modules/telemetry/telemetry.py | run | 146] Telemetry received: {
            time_since_boot: 4000,
            x: 4.0,
            y: 0.0,
            z: 0.0,
            x_velocity: 1.0,
            y_velocity: 0.0,
            z_velocity: 0.0,
            roll: 0.0,
            pitch: 0.0,
            yaw: 1.0471975803375244,
            roll_speed: 0.0,
            pitch_speed: 0.0,
            yaw_speed: 3.1415927410125732
        }
12:33:17: [INFO] [/Users/jaydenchan/autonomy-bootcamp-2025-p2/modules/telemetry/telemetry.py | run | 146] Telemetry received: {
            time_since_boot: 4500,
            x: 4.5,
            y: 0.0,
            z: 0.0,
            x_velocity: 1.0,
            y_velocity: 0.0,
            z_velocity: 0.0,
            roll: 0.0,
            pitch: 0.0,
            yaw: 2.094395160675049,
            roll_speed: 0.0,
            pitch_speed: 0.0,
            yaw_speed: 3.1415927410125732
        }
12:33:18: [WARNING] [/Users/jaydenchan/autonomy-bootcamp-2025-p2/modules/telemetry/telemetry.py | run | 116] Timed out waiting for LOCAL_POSITION_NED, restarting
12:33:18: [WARNING] [/Users/jaydenchan/autonomy-bootcamp-2025-p2/modules/telemetry/telemetry_worker.py | telemetry_worker | 70] Telemetry run() timed out, restarting
12:33:20: [WARNING] [/Users/jaydenchan/autonomy-bootcamp-2025-p2/modules/telemetry/telemetry.py | run | 116] Timed out waiting for LOCAL_POSITION_NED, restarting
12:33:20: [WARNING] [/Users/jaydenchan/autonomy-bootcamp-2025-p2/modules/telemetry/telemetry_worker.py | telemetry_worker | 70] Telemetry run() timed out, restarting
12:33:21: [WARNING] [/Users/jaydenchan/autonomy-bootcamp-2025-p2/modules/telemetry/telemetry.py | run | 124] Timed out waiting for ATTITUDE, restarting
12:33:21: [WARNING] [/Users/jaydenchan/autonomy-bootcamp-2025-p2/modules/telemetry/telemetry_worker.py | telemetry_worker | 70] Telemetry run() timed out, restarting
12:33:21: [INFO] [/Users/jaydenchan/autonomy-bootcamp-2025-p2/modules/telemetry/telemetry.py | run | 146] Telemetry received: {
            time_since_boot: 0,
            x: 0.0,
            y: 0.0,
            z: 0.0,
            x_velocity: 1.0,
            y_velocity: 0.0,
            z_velocity: 0.0,
            roll: 0.0,
            pitch: 0.0,
            yaw: 1.5707963705062866,
            roll_speed: 0.0,
            pitch_speed: 0.0,
            yaw_speed: 3.1415927410125732
        }
