17:30:14: [INFO] [/Users/jaydenchan/autonomy-bootcamp-2025-p2/modules/heartbeat/heartbeat_receiver_worker.py | heartbeat_receiver_worker | 46] Logger initialized
17:30:14: [INFO] [/Users/jaydenchan/autonomy-bootcamp-2025-p2/modules/heartbeat/heartbeat_receiver_worker.py | heartbeat_receiver_worker | 60] HeartbeatReceiver created, starting main loop
17:30:14: [INFO] [/Users/jaydenchan/autonomy-bootcamp-2025-p2/modules/heartbeat/heartbeat_receiver.py | run | 79] Received heartbeat — Connected
17:30:14: [INFO] [/Users/jaydenchan/autonomy-bootcamp-2025-p2/modules/heartbeat/heartbeat_receiver_worker.py | heartbeat_receiver_worker | 74] Connection status: Connected
17:30:15: [INFO] [/Users/jaydenchan/autonomy-bootcamp-2025-p2/modules/heartbeat/heartbeat_receiver.py | run | 79] Received heartbeat — Connected
17:30:15: [INFO] [/Users/jaydenchan/autonomy-bootcamp-2025-p2/modules/heartbeat/heartbeat_receiver_worker.py | heartbeat_receiver_worker | 74] Connection status: Connected
17:30:16: [WARNING] [/Users/jaydenchan/autonomy-bootcamp-2025-p2/modules/heartbeat/heartbeat_receiver.py | run | 67] Missed heartbeat! Consecutive misses: 1
17:30:16: [INFO] [/Users/jaydenchan/autonomy-bootcamp-2025-p2/modules/heartbeat/heartbeat_receiver_worker.py | heartbeat_receiver_worker | 74] Connection status: Connected
17:30:16: [INFO] [/Users/jaydenchan/autonomy-bootcamp-2025-p2/modules/heartbeat/heartbeat_receiver.py | run | 79] Received heartbeat — Connected
17:30:16: [INFO] [/Users/jaydenchan/autonomy-bootcamp-2025-p2/modules/heartbeat/heartbeat_receiver_worker.py | heartbeat_receiver_worker | 74] Connection status: Connected
17:30:17: [INFO] [/Users/jaydenchan/autonomy-bootcamp-2025-p2/modules/heartbeat/heartbeat_receiver.py | run | 79] Received heartbeat — Connected
17:30:17: [INFO] [/Users/jaydenchan/autonomy-bootcamp-2025-p2/modules/heartbeat/heartbeat_receiver_worker.py | heartbeat_receiver_worker | 74] Connection status: Connected
17:30:18: [WARNING] [/Users/jaydenchan/autonomy-bootcamp-2025-p2/modules/heartbeat/heartbeat_receiver.py | run | 67] Missed heartbeat! Consecutive misses: 1
17:30:18: [INFO] [/Users/jaydenchan/autonomy-bootcamp-2025-p2/modules/heartbeat/heartbeat_receiver_worker.py | heartbeat_receiver_worker | 74] Connection status: Connected
17:30:18: [INFO] [/Users/jaydenchan/autonomy-bootcamp-2025-p2/modules/heartbeat/heartbeat_receiver.py | run | 79] Received heartbeat — Connected
17:30:18: [INFO] [/Users/jaydenchan/autonomy-bootcamp-2025-p2/modules/heartbeat/heartbeat_receiver_worker.py | heartbeat_receiver_worker | 74] Connection status: Connected
17:30:19: [WARNING] [/Users/jaydenchan/autonomy-bootcamp-2025-p2/modules/heartbeat/heartbeat_receiver.py | run | 67] Missed heartbeat! Consecutive misses: 1
17:30:19: [INFO] [/Users/jaydenchan/autonomy-bootcamp-2025-p2/modules/heartbeat/heartbeat_receiver_worker.py | heartbeat_receiver_worker | 74] Connection status: Connected
17:30:20: [WARNING] [/Users/jaydenchan/autonomy-bootcamp-2025-p2/modules/heartbeat/heartbeat_receiver.py | run | 67] Missed heartbeat! Consecutive misses: 2
17:30:20: [INFO] [/Users/jaydenchan/autonomy-bootcamp-2025-p2/modules/heartbeat/heartbeat_receiver_worker.py | heartbeat_receiver_worker | 74] Connection status: Connected
17:30:21: [WARNING] [/Users/jaydenchan/autonomy-bootcamp-2025-p2/modules/heartbeat/heartbeat_receiver.py | run | 67] Missed heartbeat! Consecutive misses: 3
17:30:21: [INFO] [/Users/jaydenchan/autonomy-bootcamp-2025-p2/modules/heartbeat/heartbeat_receiver_worker.py | heartbeat_receiver_worker | 74] Connection status: Connected
17:30:22: [WARNING] [/Users/jaydenchan/autonomy-bootcamp-2025-p2/modules/heartbeat/heartbeat_receiver.py | run | 67] Missed heartbeat! Consecutive misses: 4
17:30:22: [INFO] [/Users/jaydenchan/autonomy-bootcamp-2025-p2/modules/heartbeat/heartbeat_receiver_worker.py | heartbeat_receiver_worker | 74] Connection status: Connected
17:30:23: [WARNING] [/Users/jaydenchan/autonomy-bootcamp-2025-p2/modules/heartbeat/heartbeat_receiver.py | run | 67] Missed heartbeat! Consecutive misses: 5
17:30:23: [WARNING] [/Users/jaydenchan/autonomy-bootcamp-2025-p2/modules/heartbeat/heartbeat_receiver.py | run | 72] Connection Disconnected (missed 5+ heartbeats)
17:30:23: [INFO] [/Users/jaydenchan/autonomy-bootcamp-2025-p2/modules/heartbeat/heartbeat_receiver_worker.py | heartbeat_receiver_worker | 74] Connection status: Disconnected
17:30:24: [WARNING] [/Users/jaydenchan/autonomy-bootcamp-2025-p2/modules/heartbeat/heartbeat_receiver.py | run | 67] Missed heartbeat! Consecutive misses: 6
17:30:24: [WARNING] [/Users/jaydenchan/autonomy-bootcamp-2025-p2/modules/heartbeat/heartbeat_receiver.py | run | 72] Connection Disconnected (missed 5+ heartbeats)
17:30:24: [INFO] [/Users/jaydenchan/autonomy-bootcamp-2025-p2/modules/heartbeat/heartbeat_receiver_worker.py | heartbeat_receiver_worker | 74] Connection status: Disconnected
17:30:25: [WARNING] [/Users/jaydenchan/autonomy-bootcamp-2025-p2/modules/heartbeat/heartbeat_receiver.py | run | 67] Missed heartbeat! Consecutive misses: 7
17:30:25: [WARNING] [/Users/jaydenchan/autonomy-bootcamp-2025-p2/modules/heartbeat/heartbeat_receiver.py | run | 72] Connection Disconnected (missed 5+ heartbeats)
17:30:25: [INFO] [/Users/jaydenchan/autonomy-bootcamp-2025-p2/modules/heartbeat/heartbeat_receiver_worker.py | heartbeat_receiver_worker | 74] Connection status: Disconnected
17:30:26: [WARNING] [/Users/jaydenchan/autonomy-bootcamp-2025-p2/modules/heartbeat/heartbeat_receiver.py | run | 67] Missed heartbeat! Consecutive misses: 8
17:30:26: [WARNING] [/Users/jaydenchan/autonomy-bootcamp-2025-p2/modules/heartbeat/heartbeat_receiver.py | run | 72] Connection Disconnected (missed 5+ heartbeats)
17:30:26: [INFO] [/Users/jaydenchan/autonomy-bootcamp-2025-p2/modules/heartbeat/heartbeat_receiver_worker.py | heartbeat_receiver_worker | 74] Connection status: Disconnected
17:30:27: [INFO] [/Users/jaydenchan/autonomy-bootcamp-2025-p2/modules/heartbeat/heartbeat_receiver.py | run | 79] Received heartbeat — Connected
17:30:27: [INFO] [/Users/jaydenchan/autonomy-bootcamp-2025-p2/modules/heartbeat/heartbeat_receiver_worker.py | heartbeat_receiver_worker | 74] Connection status: Connected
17:30:28: [WARNING] [/Users/jaydenchan/autonomy-bootcamp-2025-p2/modules/heartbeat/heartbeat_receiver.py | run | 67] Missed heartbeat! Consecutive misses: 1
17:30:28: [INFO] [/Users/jaydenchan/autonomy-bootcamp-2025-p2/modules/heartbeat/heartbeat_receiver_worker.py | heartbeat_receiver_worker | 74] Connection status: Connected
17:30:28: [INFO] [/Users/jaydenchan/autonomy-bootcamp-2025-p2/modules/heartbeat/heartbeat_receiver.py | run | 79] Received heartbeat — Connected
17:30:28: [INFO] [/Users/jaydenchan/autonomy-bootcamp-2025-p2/modules/heartbeat/heartbeat_receiver_worker.py | heartbeat_receiver_worker | 74] Connection status: Connected
17:30:29: [WARNING] [/Users/jaydenchan/autonomy-bootcamp-2025-p2/modules/heartbeat/heartbeat_receiver.py | run | 67] Missed heartbeat! Consecutive misses: 1
17:30:29: [INFO] [/Users/jaydenchan/autonomy-bootcamp-2025-p2/modules/heartbeat/heartbeat_receiver_worker.py | heartbeat_receiver_worker | 74] Connection status: Connected
17:30:29: [INFO] [/Users/jaydenchan/autonomy-bootcamp-2025-p2/modules/heartbeat/heartbeat_receiver.py | run | 79] Received heartbeat — Connected
17:30:29: [INFO] [/Users/jaydenchan/autonomy-bootcamp-2025-p2/modules/heartbeat/heartbeat_receiver_worker.py | heartbeat_receiver_worker | 74] Connection status: Connected
17:30:30: [INFO] [/Users/jaydenchan/autonomy-bootcamp-2025-p2/modules/heartbeat/heartbeat_receiver.py | run | 79] Received heartbeat — Connected
17:30:30: [INFO] [/Users/jaydenchan/autonomy-bootcamp-2025-p2/modules/heartbeat/heartbeat_receiver_worker.py | heartbeat_receiver_worker | 74] Connection status: Connected
17:30:31: [WARNING] [/Users/jaydenchan/autonomy-bootcamp-2025-p2/modules/heartbeat/heartbeat_receiver.py | run | 67] Missed heartbeat! Consecutive misses: 1
17:30:31: [INFO] [/Users/jaydenchan/autonomy-bootcamp-2025-p2/modules/heartbeat/heartbeat_receiver_worker.py | heartbeat_receiver_worker | 74] Connection status: Connected
17:30:31: [INFO] [/Users/jaydenchan/autonomy-bootcamp-2025-p2/modules/heartbeat/heartbeat_receiver.py | run | 79] Received heartbeat — Connected
17:30:31: [INFO] [/Users/jaydenchan/autonomy-bootcamp-2025-p2/modules/heartbeat/heartbeat_receiver_worker.py | heartbeat_receiver_worker | 74] Connection status: Connected
17:30:32: [WARNING] [/Users/jaydenchan/autonomy-bootcamp-2025-p2/modules/heartbeat/heartbeat_receiver.py | run | 67] Missed heartbeat! Consecutive misses: 1
17:30:32: [INFO] [/Users/jaydenchan/autonomy-bootcamp-2025-p2/modules/heartbeat/heartbeat_receiver_worker.py | heartbeat_receiver_worker | 74] Connection status: Connected
17:30:33: [INFO] [/Users/jaydenchan/autonomy-bootcamp-2025-p2/modules/heartbeat/heartbeat_receiver.py | run | 79] Received heartbeat — Connected
17:30:33: [INFO] [/Users/jaydenchan/autonomy-bootcamp-2025-p2/modules/heartbeat/heartbeat_receiver_worker.py | heartbeat_receiver_worker | 74] Connection status: Connected
17:30:34: [WARNING] [/Users/jaydenchan/autonomy-bootcamp-2025-p2/modules/heartbeat/heartbeat_receiver.py | run | 67] Missed heartbeat! Consecutive misses: 1
17:30:34: [INFO] [/Users/jaydenchan/autonomy-bootcamp-2025-p2/modules/heartbeat/heartbeat_receiver_worker.py | heartbeat_receiver_worker | 74] Connection status: Connected
17:30:35: [WARNING] [/Users/jaydenchan/autonomy-bootcamp-2025-p2/modules/heartbeat/heartbeat_receiver.py | run | 67] Missed heartbeat! Consecutive misses: 2
17:30:35: [INFO] [/Users/jaydenchan/autonomy-bootcamp-2025-p2/modules/heartbeat/heartbeat_receiver_worker.py | heartbeat_receiver_worker | 74] Connection status: Connected
